  Render.cpp
C:\Pacman-master-new\Pacman-master\PacMan\Pacman.h(55,28): warning C4305: 'initializing': truncation from 'double' to 'float'
  (compiling source file 'Render.cpp')
  
C:\Pacman-master-new\Pacman-master\PacMan\Pacman.h(56,41): warning C4305: 'initializing': truncation from 'double' to 'float'
  (compiling source file 'Render.cpp')
  
C:\Pacman-master-new\Pacman-master\PacMan\Pacman.h(57,42): warning C4305: 'initializing': truncation from 'double' to 'float'
  (compiling source file 'Render.cpp')
  
C:\Pacman-master-new\Pacman-master\PacMan\Pacman.h(58,40): warning C4305: 'initializing': truncation from 'double' to 'float'
  (compiling source file 'Render.cpp')
  
C:\Pacman-master-new\Pacman-master\PacMan\Pacman.h(61,25): warning C4305: 'initializing': truncation from 'double' to 'float'
  (compiling source file 'Render.cpp')
  
C:\Pacman-master-new\Pacman-master\PacMan\Pacman.h(62,28): warning C4305: 'initializing': truncation from 'double' to 'float'
  (compiling source file 'Render.cpp')
  
C:\Pacman-master-new\Pacman-master\PacMan\Pacman.h(63,32): warning C4305: 'initializing': truncation from 'double' to 'float'
  (compiling source file 'Render.cpp')
  
C:\Pacman-master-new\Pacman-master\PacMan\Pacman.h(64,28): warning C4305: 'initializing': truncation from 'double' to 'float'
  (compiling source file 'Render.cpp')
  
C:\Pacman-master-new\Pacman-master\PacMan\Render.cpp(59,69): warning C4244: 'argument': conversion from 'const float' to 'int', possible loss of data
C:\Pacman-master-new\Pacman-master\PacMan\Render.cpp(59,62): warning C4244: 'argument': conversion from 'const float' to 'int', possible loss of data
C:\Pacman-master-new\Pacman-master\PacMan\Render.cpp(83,71): warning C4244: 'argument': conversion from 'const float' to 'int', possible loss of data
C:\Pacman-master-new\Pacman-master\PacMan\Render.cpp(83,64): warning C4244: 'argument': conversion from 'const float' to 'int', possible loss of data
C:\Pacman-master-new\Pacman-master\PacMan\Render.cpp(88,71): warning C4244: 'argument': conversion from 'const float' to 'int', possible loss of data
C:\Pacman-master-new\Pacman-master\PacMan\Render.cpp(88,64): warning C4244: 'argument': conversion from 'const float' to 'int', possible loss of data
C:\Pacman-master-new\Pacman-master\PacMan\Render.cpp(128,19): warning C4267: 'argument': conversion from 'size_t' to 'int', possible loss of data
C:\Pacman-master-new\Pacman-master\PacMan\Render.cpp(133,21): warning C4267: 'argument': conversion from 'size_t' to 'int', possible loss of data
C:\Pacman-master-new\Pacman-master\PacMan\Render.cpp(251,39): warning C4244: '=': conversion from 'int' to 'T', possible loss of data
C:\Pacman-master-new\Pacman-master\PacMan\Render.cpp(251,39): warning C4244:         with
C:\Pacman-master-new\Pacman-master\PacMan\Render.cpp(251,39): warning C4244:         [
C:\Pacman-master-new\Pacman-master\PacMan\Render.cpp(251,39): warning C4244:             T=float
C:\Pacman-master-new\Pacman-master\PacMan\Render.cpp(251,39): warning C4244:         ]
  PacMan.vcxproj -> C:\Pacman-master-new\Pacman-master\x64\Debug\PacMan.exe
